<?xml version="1.0" encoding="UTF-8"?>
<testsuite name="CourseTest" tests="5" skipped="0" failures="0" errors="0" timestamp="2015-09-01T19:26:14" hostname="epicodus-104.local" time="0.15">
  <properties/>
  <testcase name="equals_returnsTrueIfNamesAretheSame" classname="CourseTest" time="0.049"/>
  <testcase name="addStudent_addsStudentToCourse" classname="CourseTest" time="0.052"/>
  <testcase name="all_emptyAtFirst" classname="CourseTest" time="0.01"/>
  <testcase name="save_savesIntoDatabase_true" classname="CourseTest" time="0.017"/>
  <testcase name="find_findCourseInDatabase_true" classname="CourseTest" time="0.014"/>
  <system-out><![CDATA[]]></system-out>
  <system-err><![CDATA[]]></system-err>
</testsuite>
