<?xml version="1.0" encoding="UTF-8"?>
<testsuite name="StudentTest" tests="5" skipped="0" failures="0" errors="0" timestamp="2015-09-01T19:03:56" hostname="epicodus-104.local" time="0.071">
  <properties/>
  <testcase name="equals_returnsTrueIfnamesAretheSame" classname="StudentTest" time="0.006"/>
  <testcase name="all_emptyAtFirst" classname="StudentTest" time="0.01"/>
  <testcase name="save_returnsTrueIfnamesAretheSame" classname="StudentTest" time="0.014"/>
  <testcase name="all_savesIntoDatabase_true" classname="StudentTest" time="0.017"/>
  <testcase name="find_findsStudentInDatabase_true" classname="StudentTest" time="0.014"/>
  <system-out><![CDATA[]]></system-out>
  <system-err><![CDATA[]]></system-err>
</testsuite>
