<?xml version="1.0" encoding="UTF-8"?>
<testsuite name="StudentTest" tests="7" skipped="0" failures="0" errors="0" timestamp="2015-09-01T19:26:14" hostname="epicodus-104.local" time="0.11">
  <properties/>
  <testcase name="getCourses_returnsAllCourses_ArrayList" classname="StudentTest" time="0.024"/>
  <testcase name="addCourse_addsCourseToStudent" classname="StudentTest" time="0.025"/>
  <testcase name="equals_returnsTrueIfnamesAretheSame" classname="StudentTest" time="0.005"/>
  <testcase name="all_emptyAtFirst" classname="StudentTest" time="0.008"/>
  <testcase name="save_returnsTrueIfnamesAretheSame" classname="StudentTest" time="0.015"/>
  <testcase name="all_savesIntoDatabase_true" classname="StudentTest" time="0.018"/>
  <testcase name="find_findsStudentInDatabase_true" classname="StudentTest" time="0.014"/>
  <system-out><![CDATA[]]></system-out>
  <system-err><![CDATA[]]></system-err>
</testsuite>
